Wed 17 Mar 2021 08:05:58 PM CET
;; 1. Based on: 7016
;; 2. Description: 24Rt+M,  M1 h+ICU+d, M2 h+B, M3 h+d+I, M4 h+I+d, M5 h+d+I, M6 h+d, M7 h nach Weihnachten, MT8 d+I+h
;; x1. Author: dings

;; 3. Label:

$SIZES NO=5000 PD=-1000 LVR=50
$PROBLEM COVID-19 cases

$INPUT ID TIME TIME2 DROP DV LNDV LNDVCR OBS CMT AMT EVID MDV STATE=DROP NUMBER CASE0 ICUDATASET DIVIFLAG SCHOOLS STORECLOSURE CURFEW RESTRAININGORDER CARNIVAL FLAGZEROOBS FLAGRKI FLAGMP DOSING2 MAXIMUMICU FLAG20200714 MDV20200714 FLAG20200804 RKIDEATHS MPCASES MPCASESRECOVRKIDEATH fixR0_0 fixR0_1 fixR0_2 fixR0_3 fixR0_4 fixR0_5 fixR0_6 fixR0_7 fixR0_8 fixR0_9 fixR0_10 fixR0_11 fixR0_12 fixR0_13 fixR0_14 fixR0_15 fixR0_16 fixR0_17 fixR0_18 fixR0_19 fixR0_20 fixR0_21 fixR0_22 fixR0_23 fixR0_24 fixCP_4 fixCP_5 fixCP_6 fixCP_7 fixCP_8 fixCP_9 fixCP_10 fixCP_11 fixCP_12 fixCP_13 fixCP_14 fixCP_15 fixCP_16 fixCP_17 fixCP_18 fixCP_19 fixCP_20 fixCP_21 fixCP_22 fixCP_23 fixCP_24 fixF2 fixIIV1 fixIIV2 fixIIV3 fixIIV4 fixIIV5 fixIIV6 fixIIV7 fixIIV8 fixIIV9 fixIIV10 fixIIV11 fixIIV12 fixIIV13 fixIIV14 fixIIV15 fixIIV16 fixIIV17 fixIIV18 fixIIV19 fixIIV20 fixIIV21 fixIIV22 fixIIV23 fixIIV24 fixIIV25 fixIIV26 fixIIV27 fixIIV28 PREDIC MDVLAST
$DATA COVID_ds_147_runC7000_run7016.csv IGNORE=@ IGNORE(DOSING2.EQ.1) IGNORE(CMT.EQ.8) IGNORE(CMT.EQ.9) IGNORE(CMT.EQ.12) IGNORE(DIVIFLAG.EQ.2) IGNORE(FLAGZEROOBS.EQ.1) IGNORE(ID.EQ.17) IGNORE(FLAGRKI.EQ.1) IGNORE(PREDIC.EQ.1)
$SUBROUTINES ADVAN13 TOL=6
$MODEL NCOMPS=28

$PK
;;;;Metakis-Information;;;;;
P_KH = 0.81;Anteil Normalstation vs ICU und BEAT
P_ICU = 0.309 ;Anteil ICU vs BEAT
LD_BEAT_D = 14.3  ;Liegedauer Beatmet verstorben
LD_BEAT_L = 31 ;Liegedauer Beatmet entlassen
LD_ICU_D = 20.6 ;Liegedauer ICU verstorben
LD_ICU_L = 19.2 ;Liegedauer ICU entlassen
LD_KH_D = 9.8 ;Liegedauer KH verstorben
LD_KH_L = 11.1 ;Liegedauer KH entlassen
P_BEAT_D = 0.643;Sterberate Beatmet
P_ICU_D = 0.179 ;Sterberate ICU
P_KH_D = 0.158 ;Sterberate KH
P_BEAT_AUFENTHALT_D = 0.73;Beatmung Anteil Aufenthalt verstorben
P_BEAT_AUFENTHALT_L = 0.35;Beatmung Anteil Aufenthalt entlassen
P_BEAT_on_ICU_AUFENTHALT_D = 0.74;beatmet ICU Anteil Aufenthalt verstorben
P_BEAT_on_ICU_AUFENTHALT_L =  0.5;beatmet ICU Anteil Aufenthalt entlassen
P_ICU_AUFENTHALT_D = 0.42;unbeatmet ICU Anteil Aufenthalt verstorben
P_ICU_AUFENTHALT_L = 0.3;unbeatmet ICU Anteil Aufenthalt entlassen

R0START = fixR0_0

COV1 = SCHOOLS
E1 = fixR0_1
COV2 = CARNIVAL
E2 = fixR0_2
COV3 = MAX(CURFEW,RESTRAININGORDER)
E3 = fixR0_3
MTDIFF = 1
MTIME(1) = fixCP_4
COV4 = MPAST(1)
E4 = fixR0_4
MTIME(2) = fixCP_5
COV5 = MPAST(2)
E5 = fixR0_5
MTIME(3) = fixCP_6
COV6 = MPAST(3)
E6 = fixR0_6
MTIME(4) = fixCP_7
COV7 = MPAST(4)
E7 = fixR0_7
MTIME(7) = fixCP_8
COV8 = MPAST(7)
E8 = fixR0_8
MTIME(8) = fixCP_9
COV9 = MPAST(8)
E9 = fixR0_9
MTIME(9) = fixCP_10
COV10 = MPAST(9)
E10 = fixR0_10
MTIME(11) = fixCP_11
COV11 = MPAST(11)
E11 =fixR0_11
MTIME(12) = fixCP_12
COV12 = MPAST(12)
E12 = fixR0_12
MTIME(13) = fixCP_13
COV13 = MPAST(13)
E13 = fixR0_13
MTIME(15) = fixCP_14
COV14 = MPAST(15)
E14 = fixR0_14
MTIME(16) = fixCP_15
COV15 = MPAST(16)
E15= fixR0_15
MTIME(17) = fixCP_16
COV16= MPAST(17)
E16= fixR0_16
MTIME(19) = fixCP_17
COV17= MPAST(19)
E17= fixR0_17
MTIME(21) = fixCP_18
COV18= MPAST(21)
E18= fixR0_18
MTIME(22) = fixCP_19
COV19 = MPAST(22)
E19 = fixR0_19
MTIME(24) = fixCP_20
COV20 = MPAST(24)
E20 = fixR0_20
MTIME(25) = fixCP_21
COV21 = MPAST(25)
E21 = fixR0_21
MTIME(26) = fixCP_22
COV22 = MPAST(26)
E22 = fixR0_22
MTIME(28) = fixCP_23
COV23 = MPAST(28)
E23 = fixR0_23
MTIME(29) = fixCP_24
COV24 = MPAST(29)
E24 = fixR0_24

R0FREE_OLD = R0START*(1-COV1)+E2*COV2+E1*(COV1-COV3)+E3*(COV3-COV4)+E4*(COV4-COV5)+E5*(COV5-COV6)+E6*(COV6-COV7)+E7*(COV7-COV8)+E8*(COV8-COV9)+E9*(COV9-COV10)+E10*(COV10-COV11)+E11*(COV11-COV12)+E12*(COV12-COV13)+E13*(COV13-COV14)+E14*(COV14-COV15)+E15*(COV15-COV16)+E16*(COV16-COV17)+E17*(COV17-COV18)+E18*(COV18-COV19)+E19*(COV19-COV20)+E20*(COV20-COV21)+E21*(COV21-COV22)+E22*(COV22-COV23)+E23*(COV23-COV24)+E24*COV24
R0BASE = R0START
R0END = E24
R0_0 = R0START ;Startwert
R0_1 = E1 ;Startwert
R0_2 = E2 ;nach Schulschließung
R0_3 = E3 ;nach Kontaktverbot
R0_4 = E4 ;
CP_4 = MTIME(1)
R0_5 = E5 ;
CP_5 = MTIME(2)
R0_6 = E6 ;
CP_6 = MTIME(3)
R0_7 = E7 ;
CP_7 = MTIME(4)
R0_8 = E8 ;
CP_8 = MTIME(7)
R0_9 = E9 ;
CP_9 = MTIME(8)
R0_10 = E10 ;
CP_10 = MTIME(9)
R0_11 = E11 ;
CP_11 = MTIME(11)
R0_12 = E12 ;
CP_12 = MTIME(12)
R0_13 = E13 ;
CP_13 = MTIME(13)
R0_14 = E14 ;
CP_14 = MTIME(15)
R0_15 = E15 ;
CP_15 = MTIME(16)
R0_16 = E16 ;
CP_16 = MTIME(17)
R0_17 = E17 ;
CP_17 = MTIME(19)
R0_18 = E18 ;
CP_18 = MTIME(21)
R0_19 = E19 ;
CP_19 = MTIME(22)
R0_20 = E20 ;
CP_20 = MTIME(24)
R0_21 = E21 ;
CP_21 = MTIME(25)
R0_22 = E22 ;
CP_22 = MTIME(26)
R0_23 = E23 ;
CP_23 = MTIME(28)
R0_24 = E24 ;
CP_24 = MTIME(29)

F2 = fixF2
ALAG2 = 9

isolation = 100
infectious = 7

gamma = 1/(infectious)

IIV1 = fixIIV1
IIV2 = fixIIV2
IIV3 = fixIIV3
IIV4 = fixIIV4
IIV5 = fixIIV5
IIV6 = fixIIV6
IIV7 = fixIIV7
IIV8 = fixIIV8
IIV9 = fixIIV9
IIV10 = fixIIV10
IIV11 = fixIIV11
IIV12 = fixIIV12
IIV13 = fixIIV13
IIV14 = fixIIV14
IIV15 = fixIIV15
IIV16 = fixIIV16
IIV17 = fixIIV17
IIV18 = fixIIV18
IIV19 = fixIIV19
IIV20 = fixIIV20
IIV21 = fixIIV21
IIV22 = fixIIV22
IIV23 = fixIIV23
IIV24 = fixIIV24
IIV25 = fixIIV25
IIV26 = fixIIV26
IIV27 = fixIIV27
IIV28 = fixIIV28
; FRACTION HOSPITALIZED
MTIME(6) = THETA(7)
FKH = THETA(8)*EXP((IIV10))
FD = THETA(6)*EXP(IIV6)

MTIME(10) = THETA(7)+THETA(9)
FKH2 = THETA(10)*EXP((IIV11))
FICU = EXP(LOG(THETA(14)/(1-THETA(14)))+IIV14)/(1+EXP(LOG(THETA(14)/(1-THETA(14)))+IIV14)) 
FICU2 = EXP(LOG(THETA(15)/(1-THETA(15)))+IIV15)/(1+EXP(LOG(THETA(15)/(1-THETA(15)))+IIV15)) 

MTIME(14) = THETA(7)+THETA(9)+THETA(11)
FKH3 = THETA(12)*EXP((IIV12))
FD2 = THETA(13)*EXP(IIV13)

MTIME(18) = MTIME(14)+THETA(17)
FKH4 = THETA(18)*EXP(IIV16)
FD3 = THETA(19)*EXP(IIV17)
FICU3 = EXP(LOG(THETA(20)/(1-THETA(20)))+IIV18)/(1+EXP(LOG(THETA(20)/(1-THETA(20)))+IIV18)) 

MTIME(20) = MTIME(18)+THETA(21)
FKH5 = THETA(22)*EXP(IIV20)
FD4 = THETA(23)*EXP(IIV21)
FICU4 = EXP(LOG(THETA(24)/(1-THETA(24)))+IIV22)/(1+EXP(LOG(THETA(24)/(1-THETA(24)))+IIV22)) 

MTIME(23) = THETA(25)
FKH6 = THETA(26)*EXP(IIV23)
FD5 = THETA(27)*EXP(IIV24)

MTIME(27) = THETA(25)+THETA(28)
FKH7 = THETA(29)*EXP(IIV25)

MTIME(30) = MTIME(27)+THETA(30)
FD6 = THETA(31)*EXP(IIV26)
FICU5 = EXP(LOG(THETA(32)/(1-THETA(32)))+IIV27)/(1+EXP(LOG(THETA(32)/(1-THETA(32)))+IIV27)) 
FKH8 = THETA(33)*EXP(IIV28)

hosptrans = THETA(1)*EXP((IIV1))
hosp = THETA(2)*EXP((IIV2))*(1-MPAST(6))+FKH*(MPAST(6)-MPAST(10))+FKH2*(MPAST(10)-MPAST(14))+FKH3*(MPAST(14)-MPAST(18))+FKH4*(MPAST(18)-MPAST(20))+FKH5*(MPAST(20)-MPAST(23))+FKH6*(MPAST(23)-MPAST(27))+FKH7*(MPAST(27)-MPAST(30))+FKH8*MPAST(30)
isolated = (1-hosp)*isolation
hospitalized = hosp*isolation

; FRACTION TO STANDARD CARE
FRACTHOSP = P_KH*EXP((IIV3))*(1-MPAST(6))+FICU*(MPAST(6)-MPAST(14))+FICU2*(MPAST(14)-MPAST(18))+FICU3*(MPAST(18)-MPAST(20))+FICU4*(MPAST(20)-MPAST(30))+FICU5*MPAST(30)
toKH =  hosptrans*FRACTHOSP

; FRACTION ICU (non ventilated)
FRACTICU = P_ICU*EXP(IIV4)*(1-MPAST(10))+THETA(16)*EXP(IIV19)*MPAST(10)
IF(FRACTICU.GT.1) FRACTICU = 1
toICU = hosptrans*(1-FRACTHOSP)*FRACTICU

toBEAT = hosptrans*(1-FRACTHOSP)*(1-FRACTICU)

KHd = P_KH_D*EXP(IIV5)*FD**MPAST(6)*(FD2**MPAST(14))*(FD3**MPAST(18))*(FD4**MPAST(20))*(FD5**MPAST(23))*(FD6**MPAST(30))
ICUd =  P_ICU_D*EXP(IIV5)*FD**MPAST(6)*(FD2**MPAST(14))*(FD3**MPAST(18))*(FD4**MPAST(20))*(FD5**MPAST(23))*(FD6**MPAST(30))
BEATd = P_BEAT_D*EXP(IIV5)*FD**MPAST(6)*(FD2**MPAST(14))*(FD3**MPAST(18))*(FD4**MPAST(20))*(FD5**MPAST(23))*(FD6**MPAST(30))
death = 0.0119*EXP(IIV5)*FD**MPAST(6)*(FD2**MPAST(14))*(FD3**MPAST(18))*(FD4**MPAST(20))*(FD5**MPAST(23))*(FD6**MPAST(30))
IF(KHd.GT.1) KHd=1
IF(ICUd.GT.1) ICUd=1
IF(BEATd.GT.1) BEATd=1
IF(death.GT.1) death=1
IF(KHd.LT.0) KHd=0
IF(ICUd.LT.0) ICUd=0
IF(BEATd.LT.0) BEATd=0
IF(death.LT.0) death=0

LDdeathKH = LD_KH_D*IIV7
LDdeathICU = LD_ICU_D*IIV8
LDdeathBEAT = LD_BEAT_D*IIV9
LDrecoveryKH = LD_KH_L*IIV7
LDrecoveryICU = LD_ICU_L*IIV8
LDrecoveryBEAT = LD_BEAT_L*IIV9
deathKH = 2/(LD_KH_D*IIV7)
deathICU = 2/(LD_ICU_D*IIV8)
deathBEAT = 2/(LD_BEAT_D*IIV9)
recovery_rateKH = 2/(LD_KH_L*IIV7)
recovery_rateICU = 2/(LD_ICU_L*IIV8)
recovery_rateBEAT = 2/(LD_BEAT_L*IIV9)

MTIME(5) = THETA(3)
REC_TIME = MPAST(5)
recovery = THETA(4)
recovery_rate = 2/recovery
recovery_hosp = THETA(5)
recovery_ratehosp = 2/recovery_hosp
death_rate = 2/(LD_KH_D*IIV7)

KHl = 1-KHd
ICUl = 1-ICUd
BEATl = 1-BEATd

Q_0 = 0

A_0(1) = NUMBER

Starttag = 347
k=0.072
initMutante=0.002

$DES
DaysSinceMutante = T-Starttag
IF(T.LT.Starttag) DaysSinceMutante = 0
Mutante = 1/(1+((1-initMutante)/initMutante)*EXP(-k*DaysSinceMutante))
IF(T.LT.Starttag) Mutante = 0
R0FREE = R0FREE_OLD*(1-Mutante)+R0FREE_OLD*1.35*Mutante
beta = R0FREE*gamma
DADT(1) = -beta*A(1)/NUMBER*A(2) 
DADT(2) = beta*A(1)/NUMBER*A(2) -  gamma*A(2) 
DADT(3) = gamma*A(2) - isolated*A(3) - hospitalized*A(3)
DADT(4) = (1-death)*isolated*A(3) - recovery_rate*A(4) 	            ;R1 
DADT(5) = KHl*toKH*A(26) - recovery_rateKH*A(5) 						;KH L 1
DADT(6) = recovery_rateKH*A(5) - recovery_rateKH*A(6)				;KH L 2
DADT(7) = KHd*toKH*A(26)- deathKH*A(7) 								;KH D 1
DADT(8) = deathKH*A(7) - deathKH*A(8) 								;KH D 1
DADT(9) = ICUl*toICU*A(26) - recovery_rateICU*A(9) 					;ICU L 1
DADT(10) = recovery_rateICU*A(9) - recovery_rateICU*A(10) 			;ICU L 2
DADT(11) = ICUd*toICU*A(26)- deathICU*A(11) 						;ICU D 1
DADT(12) = deathICU*A(11)- deathICU*A(12) 							;ICU D 2
DADT(13) = BEATl*toBEAT*A(26) - recovery_rateBEAT*A(13) 				;BEAT L 1
DADT(14) = recovery_rateBEAT*A(13) - recovery_rateBEAT*A(14) 		;BEAT L 2
DADT(15) = BEATd*toBEAT*A(26) - deathBEAT*A(15) 						;BEAT D 1
DADT(16) = deathBEAT*A(15)- deathBEAT*A(16) 						;BEAT D 2
DADT(17) = recovery_rate*A(20) +  recovery_ratehosp*A(24)           ;RECOVERED
DADT(18) = death_rate*A(28) +deathKH*A(8) + deathICU*A(12) + deathBEAT*A(16);DEAD
DADT(19) = gamma*A(2)                       ;total cases
DADT(20) = recovery_rate*A(4) - recovery_rate*A(20)   ;R2
DADT(21) = (toICU + toBEAT + toKH)*A(26)             ;KH kumulativ
DADT(22) = (toICU + toBEAT)*A(26)                    ;ICU kumulativ
DADT(23) = recovery_rateKH*A(6) + recovery_rateICU*A(10) + recovery_rateBEAT*A(14) - recovery_ratehosp*A(23) ;RKH1
DADT(24) = recovery_ratehosp*A(23) - recovery_ratehosp*A(24) ;RKH2
DADT(25) = hospitalized*A(3) - hosptrans*A(25);DEAD KH
DADT(26) = hosptrans*A(25) - hosptrans*A(26)
DADT(27) = death*isolated*A(3) - death_rate*A(27)
DADT(28) =  death_rate*A(27) -  death_rate*A(28)

$ERROR
CASES = A(19)+Q_0
BEATMET = P_BEAT_AUFENTHALT_L*(A(13)+A(14))+P_BEAT_AUFENTHALT_D*(A(15)+A(16))
BEATMET_ICU = P_BEAT_on_ICU_AUFENTHALT_L*(A(13)+A(14))+P_BEAT_on_ICU_AUFENTHALT_D*(A(15)+A(16))
ICUgesamt = P_ICU_AUFENTHALT_L*(A(9)+A(10))+ P_ICU_AUFENTHALT_D*(A(11)+A(12))+BEATMET_ICU
KHgesamt = A(5)+A(6)+A(7)+A(8)+A(9)+A(10)+A(11)+A(12)+A(13)+A(14)+A(15)+A(16)
DEAD = A(18)
KHkumulativ = A(21)
ICUkumulativ = A(22)
RECOVERED = CASE0+Q_0+A(17)*REC_TIME

IPRED = CASES
IF(CMT.EQ.4) IPRED = RECOVERED 
IF(CMT.EQ.5) IPRED = ICUgesamt
IF(CMT.EQ.6) IPRED = DEAD
IF(CMT.EQ.7) IPRED = KHgesamt
IF(CMT.EQ.10) IPRED = BEATMET
IF(CMT.EQ.11) IPRED = KHkumulativ
IF(CMT.EQ.12) IPRED = ICUkumulativ
W = IPRED
DEL = 0
IF(IPRED.EQ.0) DEL = 0.001
IRES	= DV -  IPRED
IWRES   = IRES/(W+DEL)
Y  = IPRED *EXP(EPS(1)) + EPS(2)
IF(CMT.EQ.4) Y = IPRED + W*EPS(9) + EPS(10)
IF(CMT.EQ.5) Y = IPRED + W*EPS(3) + EPS(4)
IF(CMT.EQ.6) Y = IPRED + W*EPS(5)  + EPS(6)
IF(CMT.EQ.7) Y = IPRED + W*EPS(7)  + EPS(8)
IF(CMT.EQ.10) Y = IPRED + W*EPS(3)  + EPS(4)
IF(CMT.EQ.11) Y = IPRED + W*EPS(7)  + EPS(8)
IF(CMT.EQ.12) Y = IPRED + W*EPS(3)  + EPS(4)

$THETA
(0.01, 0.451,6) FIX ;1 hosptrans
(0.01, 0.197,0.5) FIX ;2 hospitalized
(0, 70,100) FIX ;3 ET50
(14) FIX ;4 recovery
(14) FIX ;5 recovery hosp
(0.1, 0.8,1.5) FIX ;6 fD
(100, 120,200) FIX ;7 MTD
(0, 0.0728,1) FIX ;8 KH
(30, 103,200) FIX ;9 MT2
(0, 0.0275,2) FIX ;10 KH2
(1, 41.8,100) FIX ;11 MT3
(0, 0.01,2) FIX ;12 KH3
(0.1, 0.899,1.5) FIX ;13 D2
(0.1, 0.101,1) FIX ;14 ICU1
(0, 0.508,1) FIX ;15 ICU2
(0.1, 0.57,1) FIX ;16 tobeat2
(10, 43.3,100) FIX ;17 MT4
(0, 0.0067,2) FIX ;18 KH4
(0.1, 0.101,1.6) FIX ;19 D3
(0.1, 0.658,1) FIX ;20 ICU3
(15, 28.1,60) FIX ;21 MT5
(0.01, 0.0701,0.4) FIX ;22 KH5
(0.1, 0.643,1.5) FIX ;23 D4
(0.05, 0.451,1) FIX ;24 ICU4
(367) FIX ;25 MT6
(0.01, 0.0832,0.4) ;26 KH6
(0.1, 0.729,2) ;27 D5
(13) FIX ;28 MT7
(0.01, 0.0595,0.4) ;29 KH7
(5, 22.7) ;30 MT7
(0.1, 0.202,1.5) ;31 D6
(0.05, 0.341,1) ;32 ICU5
(0.01, 0.0146,0.4) ;33 KH8

$OMEGA 
 0 FIX 

$SIGMA 
 0.00003 ;prop c
 2600 ;add c
 0.0433 ;prop i
 1.64 ;add i
 0.000263 ;prop d
 21.7 ;add d
 0.0114 ;prop k
 64.8 ;add k
0.1  ;prop r
1  ;add r

$EST METHOD=1 INTER MAXEVAL=100 NOABORT NSIG=3 SIGL=6 PRINT=1 POSTHOC

$TABLE ID TIME TIME2 DV OBS CMT EVID MDV IPRED IIV1 IIV2 IIV3 IIV4 IIV5 IIV6 IIV7 IIV8 IIV9 IIV10 IIV11 IIV12 IIV13 IIV14 IIV15 IIV16 IIV17 IIV18 IIV19 IIV20 IIV21 IIV22 IIV23 IIV24 IIV25 IIV26 IIV27 IIV28 F2 R0_0 R0_1 R0_2 R0_3 R0_4 R0_5 R0_6 R0_7 R0_8 R0_9 R0_10 R0_11 R0_12 R0_13 R0_14 R0_15 R0_16 R0_17 R0_18 R0_19 R0_20 R0_21 R0_22 R0_23 R0_24 CP_4 CP_5 CP_6 CP_7 CP_8 CP_9 CP_10 CP_11 CP_12 CP_13 CP_14 CP_15 CP_16 CP_17 CP_18 CP_19 CP_20 CP_21 CP_22 CP_23 CP_24 R0FREE hosp FRACTHOSP FRACTICU KHd ICUd BEATd death LDdeathKH LDdeathICU LDdeathBEAT LDrecoveryKH LDrecoveryICU LDrecoveryBEAT ONEHEADER NOPRINT FILE=sdtab7016R


NM-TRAN MESSAGES
  
 WARNINGS AND ERRORS (IF ANY) FOR PROBLEM    1
             
 (WARNING  2) NM-TRAN INFERS THAT THE DATA ARE POPULATION.
             
 (WARNING  68) THE INT, MOD, MIN, OR MAX FUNCTION IS BEING USED OUTSIDE OF A
 SIMULATION BLOCK. IF THE FUNCTION VALUE AFFECTS THE VALUE OF THE
 OBJECTIVE FUNCTION, THEN AN ERROR WILL PROBABLY OCCUR.
             
 (WARNING  46) ETA VARIABLES ARE NOT USED, BUT DATA ARE POPULATION TYPE.
             
 (WARNING  48) DES-DEFINED ITEMS ARE COMPUTED ONLY WHEN EVENT TIME
 INCREASES. E.G., DISPLAYED VALUES ASSOCIATED WITH THE FIRST EVENT RECORD
 OF AN INDIVIDUAL RECORD ARE COMPUTED WITH (THE LAST ADVANCE TO) AN EVENT
 TIME OF THE PRIOR INDIVIDUAL RECORD.

License Registered to: Univ des Saarlandes
Expiration Date:    14 NOV 2021
Current Date:       17 MAR 2021
Days until program expires : 237
1NONLINEAR MIXED EFFECTS MODEL PROGRAM (NONMEM) VERSION 7.4.3
 ORIGINALLY DEVELOPED BY STUART BEAL, LEWIS SHEINER, AND ALISON BOECKMANN
 CURRENT DEVELOPERS ARE ROBERT BAUER, ICON DEVELOPMENT SOLUTIONS,
 AND ALISON BOECKMANN. IMPLEMENTATION, EFFICIENCY, AND STANDARDIZATION
 PERFORMED BY NOUS INFOSYSTEMS.

 PROBLEM NO.:         1
 COVID-19 cases
0DATA CHECKOUT RUN:              NO
 DATA SET LOCATED ON UNIT NO.:    2
 THIS UNIT TO BE REWOUND:        NO
 NO. OF DATA RECS IN DATA SET:    33590
 NO. OF DATA ITEMS IN DATA SET: 108
 ID DATA ITEM IS DATA ITEM NO.:   1
 DEP VARIABLE IS DATA ITEM NO.:   4
 MDV DATA ITEM IS DATA ITEM NO.: 11
0INDICES PASSED TO SUBROUTINE PRED:
  10   2   9   0   0   0   8   0   0   0   0
0LABELS FOR DATA ITEMS:
 ID TIME TIME2 DV LNDV LNDVCR OBS CMT AMT EVID MDV NUMBER CASE0 ICUDATASET DIVIFLAG SCHOOLS STORECLOSURE CURFEW
 RESTRAININGORDER CARNIVAL FLAGZEROOBS FLAGRKI FLAGMP DOSING2 MAXIMUMICU FLAG20200714 MDV20200714 FLAG20200804 RKIDEATHS
 MPCASES MPCASESRECOVRKIDEATH fixR0_0 fixR0_1 fixR0_2 fixR0_3 fixR0_4 fixR0_5 fixR0_6 fixR0_7 fixR0_8 fixR0_9 fixR0_10
 fixR0_11 fixR0_12 fixR0_13 fixR0_14 fixR0_15 fixR0_16 fixR0_17 fixR0_18 fixR0_19 fixR0_20 fixR0_21 fixR0_22 fixR0_23
 fixR0_24 fixCP_4 fixCP_5 fixCP_6 fixCP_7 fixCP_8 fixCP_9 fixCP_10 fixCP_11 fixCP_12 fixCP_13 fixCP_14 fixCP_15 fixCP_16
 fixCP_17 fixCP_18 fixCP_19 fixCP_20 fixCP_21 fixCP_22 fixCP_23 fixCP_24 fixF2 fixIIV1 fixIIV2 fixIIV3 fixIIV4 fixIIV5
 fixIIV6 fixIIV7 fixIIV8 fixIIV9 fixIIV10 fixIIV11 fixIIV12 fixIIV13 fixIIV14 fixIIV15 fixIIV16 fixIIV17 fixIIV18 fixIIV19
 fixIIV20 fixIIV21 fixIIV22 fixIIV23 fixIIV24 fixIIV25 fixIIV26 fixIIV27 fixIIV28 PREDIC MDVLAST
0(NONBLANK) LABELS FOR PRED-DEFINED ITEMS:
 R0_0 R0_1 R0_2 R0_3 R0_4 CP_4 R0_5 CP_5 R0_6 CP_6 R0_7 CP_7 R0_8 CP_8 R0_9 CP_9 R0_10 CP_10 R0_11 CP_11 R0_12 CP_12 R0_13
 CP_13 R0_14 CP_14 R0_15 CP_15 R0_16 CP_16 R0_17 CP_17 R0_18 CP_18 R0_19 CP_19 R0_20 CP_20 R0_21 CP_21 R0_22 CP_22 R0_23
 CP_23 R0_24 CP_24 F2 IIV1 IIV2 IIV3 IIV4 IIV5 IIV6 IIV7 IIV8 IIV9 IIV10 IIV11 IIV12 IIV13 IIV14 IIV15 IIV16 IIV17 IIV18
 IIV19 IIV20 IIV21 IIV22 IIV23 IIV24 IIV25 IIV26 IIV27 IIV28 hosp FRACTHOSP FRACTICU KHd ICUd BEATd death LDdeathKH
 LDdeathICU LDdeathBEAT LDrecoveryKH LDrecoveryICU LDrecoveryBEAT R0FREE IPRED
0FORMAT FOR DATA:
 (27(4E18.0/))

 TOT. NO. OF OBS RECS:    33567
 TOT. NO. OF INDIVIDUALS:       16
0LENGTH OF THETA:  33
0DEFAULT THETA BOUNDARY TEST OMITTED:    NO
0OMEGA HAS SIMPLE DIAGONAL FORM WITH DIMENSION:   1
0DEFAULT OMEGA BOUNDARY TEST OMITTED:    NO
0SIGMA HAS SIMPLE DIAGONAL FORM WITH DIMENSION:  10
0DEFAULT SIGMA BOUNDARY TEST OMITTED:    NO
0INITIAL ESTIMATE OF THETA:
 LOWER BOUND    INITIAL EST    UPPER BOUND
  0.4510E+00     0.4510E+00     0.4510E+00
  0.1970E+00     0.1970E+00     0.1970E+00
  0.7000E+02     0.7000E+02     0.7000E+02
  0.1400E+02     0.1400E+02     0.1400E+02
  0.1400E+02     0.1400E+02     0.1400E+02
  0.8000E+00     0.8000E+00     0.8000E+00
  0.1200E+03     0.1200E+03     0.1200E+03
  0.7280E-01     0.7280E-01     0.7280E-01
  0.1030E+03     0.1030E+03     0.1030E+03
  0.2750E-01     0.2750E-01     0.2750E-01
  0.4180E+02     0.4180E+02     0.4180E+02
  0.1000E-01     0.1000E-01     0.1000E-01
  0.8990E+00     0.8990E+00     0.8990E+00
  0.1010E+00     0.1010E+00     0.1010E+00
  0.5080E+00     0.5080E+00     0.5080E+00
  0.5700E+00     0.5700E+00     0.5700E+00
  0.4330E+02     0.4330E+02     0.4330E+02
  0.6700E-02     0.6700E-02     0.6700E-02
  0.1010E+00     0.1010E+00     0.1010E+00
  0.6580E+00     0.6580E+00     0.6580E+00
  0.2810E+02     0.2810E+02     0.2810E+02
  0.7010E-01     0.7010E-01     0.7010E-01
  0.6430E+00     0.6430E+00     0.6430E+00
  0.4510E+00     0.4510E+00     0.4510E+00
  0.3670E+03     0.3670E+03     0.3670E+03
  0.1000E-01     0.8320E-01     0.4000E+00
  0.1000E+00     0.7290E+00     0.2000E+01
  0.1300E+02     0.1300E+02     0.1300E+02
  0.1000E-01     0.5950E-01     0.4000E+00
  0.5000E+01     0.2270E+02     0.1000E+07
  0.1000E+00     0.2020E+00     0.1500E+01
  0.5000E-01     0.3410E+00     0.1000E+01
  0.1000E-01     0.1460E-01     0.4000E+00
0INITIAL ESTIMATE OF OMEGA:
 0.0000E+00
0OMEGA CONSTRAINED TO BE THIS INITIAL ESTIMATE
0INITIAL ESTIMATE OF SIGMA:
 0.3000E-04
 0.0000E+00   0.2600E+04
 0.0000E+00   0.0000E+00   0.4330E-01
 0.0000E+00   0.0000E+00   0.0000E+00   0.1640E+01
 0.0000E+00   0.0000E+00   0.0000E+00   0.0000E+00   0.2630E-03
 0.0000E+00   0.0000E+00   0.0000E+00   0.0000E+00   0.0000E+00   0.2170E+02
 0.0000E+00   0.0000E+00   0.0000E+00   0.0000E+00   0.0000E+00   0.0000E+00   0.1140E-01
 0.0000E+00   0.0000E+00   0.0000E+00   0.0000E+00   0.0000E+00   0.0000E+00   0.0000E+00   0.6480E+02
 0.0000E+00   0.0000E+00   0.0000E+00   0.0000E+00   0.0000E+00   0.0000E+00   0.0000E+00   0.0000E+00   0.1000E+00
 0.0000E+00   0.0000E+00   0.0000E+00   0.0000E+00   0.0000E+00   0.0000E+00   0.0000E+00   0.0000E+00   0.0000E+00   0.1000E+01
0TABLES STEP OMITTED:    NO
 NO. OF TABLES:           1
 SEED NUMBER (SEED):    11456
 RANMETHOD:             3U
 MC SAMPLES (ESAMPLE):    300
 WRES SQUARE ROOT TYPE (WRESCHOL): EIGENVALUE
0-- TABLE   1 --
0RECORDS ONLY:    ALL
04 COLUMNS APPENDED:    YES
 PRINTED:                NO
 HEADERS:               ONE
 FILE TO BE FORWARDED:   NO
 FORMAT:                S1PE11.4
 LFORMAT:
 RFORMAT:
 FIXED_EFFECT_ETAS:
0USER-CHOSEN ITEMS:
 ID TIME TIME2 DV OBS CMT EVID MDV IPRED IIV1 IIV2 IIV3 IIV4 IIV5 IIV6 IIV7 IIV8 IIV9 IIV10 IIV11 IIV12 IIV13 IIV14 IIV15
 IIV16 IIV17 IIV18 IIV19 IIV20 IIV21 IIV22 IIV23 IIV24 IIV25 IIV26 IIV27 IIV28 F2 R0_0 R0_1 R0_2 R0_3 R0_4 R0_5 R0_6 R0_7
 R0_8 R0_9 R0_10 R0_11 R0_12 R0_13 R0_14 R0_15 R0_16 R0_17 R0_18 R0_19 R0_20 R0_21 R0_22 R0_23 R0_24 CP_4 CP_5 CP_6 CP_7
 CP_8 CP_9 CP_10 CP_11 CP_12 CP_13 CP_14 CP_15 CP_16 CP_17 CP_18 CP_19 CP_20 CP_21 CP_22 CP_23 CP_24 R0FREE hosp FRACTHOSP
 FRACTICU KHd ICUd BEATd death LDdeathKH LDdeathICU LDdeathBEAT LDrecoveryKH LDrecoveryICU LDrecoveryBEAT
0WARNING: THE NUMBER OF PARAMETERS TO BE ESTIMATED
 EXCEEDS THE NUMBER OF INDIVIDUALS WITH DATA.
1DOUBLE PRECISION PREDPP VERSION 7.4.3

 GENERAL NONLINEAR KINETICS MODEL WITH STIFF/NONSTIFF EQUATIONS (LSODA, ADVAN13)
0MODEL SUBROUTINE USER-SUPPLIED - ID NO. 9999
0MAXIMUM NO. OF BASIC PK PARAMETERS:  27
0COMPARTMENT ATTRIBUTES
 COMPT. NO.   FUNCTION   INITIAL    ON/OFF      DOSE      DEFAULT    DEFAULT
                         STATUS     ALLOWED    ALLOWED    FOR DOSE   FOR OBS.
    1         COMP 1       ON         YES        YES        YES        YES
    2         COMP 2       ON         YES        YES        NO         NO
    3         COMP 3       ON         YES        YES        NO         NO
    4         COMP 4       ON         YES        YES        NO         NO
    5         COMP 5       ON         YES        YES        NO         NO
    6         COMP 6       ON         YES        YES        NO         NO
    7         COMP 7       ON         YES        YES        NO         NO
    8         COMP 8       ON         YES        YES        NO         NO
    9         COMP 9       ON         YES        YES        NO         NO
   10         COMP 10      ON         YES        YES        NO         NO
   11         COMP 11      ON         YES        YES        NO         NO
   12         COMP 12      ON         YES        YES        NO         NO
   13         COMP 13      ON         YES        YES        NO         NO
   14         COMP 14      ON         YES        YES        NO         NO
   15         COMP 15      ON         YES        YES        NO         NO
   16         COMP 16      ON         YES        YES        NO         NO
   17         COMP 17      ON         YES        YES        NO         NO
   18         COMP 18      ON         YES        YES        NO         NO
   19         COMP 19      ON         YES        YES        NO         NO
   20         COMP 20      ON         YES        YES        NO         NO
   21         COMP 21      ON         YES        YES        NO         NO
   22         COMP 22      ON         YES        YES        NO         NO
   23         COMP 23      ON         YES        YES        NO         NO
   24         COMP 24      ON         YES        YES        NO         NO
   25         COMP 25      ON         YES        YES        NO         NO
   26         COMP 26      ON         YES        YES        NO         NO
   27         COMP 27      ON         YES        YES        NO         NO
   28         COMP 28      ON         YES        YES        NO         NO
   29         OUTPUT       OFF        YES        NO         NO         NO
 INITIAL (BASE) TOLERANCE SETTINGS:
 NRD (RELATIVE) VALUE(S) OF TOLERANCE:   6
 ANRD (ABSOLUTE) VALUE(S) OF TOLERANCE:  12
1
 ADDITIONAL PK PARAMETERS - ASSIGNMENT OF ROWS IN GG
 COMPT. NO.                             INDICES
              SCALE      BIOAVAIL.   ZERO-ORDER  ZERO-ORDER  ABSORB
                         FRACTION    RATE        DURATION    LAG
    1            *           *           *           *           *
    2            *          28           *           *          29
    3            *           *           *           *           *
    4            *           *           *           *           *
    5            *           *           *           *           *
    6            *           *           *           *           *
    7            *           *           *           *           *
    8            *           *           *           *           *
    9            *           *           *           *           *
   10            *           *           *           *           *
   11            *           *           *           *           *
   12            *           *           *           *           *
   13            *           *           *           *           *
   14            *           *           *           *           *
   15            *           *           *           *           *
   16            *           *           *           *           *
   17            *           *           *           *           *
   18            *           *           *           *           *
   19            *           *           *           *           *
   20            *           *           *           *           *
   21            *           *           *           *           *
   22            *           *           *           *           *
   23            *           *           *           *           *
   24            *           *           *           *           *
   25            *           *           *           *           *
   26            *           *           *           *           *
   27            *           *           *           *           *
   28            *           *           *           *           *
   29            *           -           -           -           -
             - PARAMETER IS NOT ALLOWED FOR THIS MODEL
             * PARAMETER IS NOT SUPPLIED BY PK SUBROUTINE;
               WILL DEFAULT TO ONE IF APPLICABLE
0FIRST MODEL TIME PARAMETER ASSIGNED TO ROW NO.: 30
 LAST  MODEL TIME PARAMETER ASSIGNED TO ROW NO.: 59
0DATA ITEM INDICES USED BY PRED ARE:
   EVENT ID DATA ITEM IS DATA ITEM NO.:     10
   TIME DATA ITEM IS DATA ITEM NO.:          2
   DOSE AMOUNT DATA ITEM IS DATA ITEM NO.:   9
   COMPT. NO. DATA ITEM IS DATA ITEM NO.:    8

0PK SUBROUTINE CALLED WITH EVERY EVENT RECORD.
 PK SUBROUTINE CALLED AT NONEVENT (ADDITIONAL AND LAGGED) DOSE TIMES AND AT MODEL TIMES.

0PK SUBROUTINE INDICATES THAT COMPARTMENT AMOUNTS ARE INITIALIZED.
0ERROR SUBROUTINE CALLED WITH EVERY EVENT RECORD.
0DES SUBROUTINE USES COMPACT STORAGE MODE.

 #PARA: PARAFILE=pirana_auto_mpi.pnm, PROTOCOL=MPI, NODES= 6

1


 #TBLN:      1
 #METH: First Order Conditional Estimation with Interaction

 ESTIMATION STEP OMITTED:                 NO
 ANALYSIS TYPE:                           POPULATION
 NUMBER OF SADDLE POINT RESET ITERATIONS:      0
 GRADIENT METHOD USED:               NOSLOW
 CONDITIONAL ESTIMATES USED:              YES
 CENTERED ETA:                            NO
 EPS-ETA INTERACTION:                     YES
 LAPLACIAN OBJ. FUNC.:                    NO
 NO. OF FUNCT. EVALS. ALLOWED:            100
 NO. OF SIG. FIGURES REQUIRED:            3
 INTERMEDIATE PRINTOUT:                   YES
 ESTIMATE OUTPUT TO MSF:                  NO
 ABORT WITH PRED EXIT CODE 1:             NO
 IND. OBJ. FUNC. VALUES SORTED:           NO
 NUMERICAL DERIVATIVE
       FILE REQUEST (NUMDER):               NONE
 MAP (ETAHAT) ESTIMATION METHOD (OPTMAP):   0
 ETA HESSIAN EVALUATION METHOD (ETADER):    0
 INITIAL ETA FOR MAP ESTIMATION (MCETA):    0
 SIGDIGITS FOR MAP ESTIMATION (SIGLO):      6
 GRADIENT SIGDIGITS OF
       FIXED EFFECTS PARAMETERS (SIGL):     6
 NOPRIOR SETTING (NOPRIOR):                 OFF
 NOCOV SETTING (NOCOV):                     OFF
 DERCONT SETTING (DERCONT):                 OFF
 FINAL ETA RE-EVALUATION (FNLETA):          ON
 EXCLUDE NON-INFLUENTIAL (NON-INFL.) ETAS
       IN SHRINKAGE (ETASTYPE):             NO
 NON-INFL. ETA CORRECTION (NONINFETA):      OFF
 RAW OUTPUT FILE (FILE): 7016R.ext
 EXCLUDE TITLE (NOTITLE):                   NO
 EXCLUDE COLUMN LABELS (NOLABEL):           NO
 FORMAT FOR ADDITIONAL FILES (FORMAT):      S1PE12.5
 PARAMETER ORDER FOR OUTPUTS (ORDER):       TSOL
 WISHART PRIOR DF INTERPRETATION (WISHTYPE):0
 KNUTHSUMOFF:                               0
 INCLUDE LNTWOPI:                           NO
 INCLUDE CONSTANT TERM TO PRIOR (PRIORC):   NO
 INCLUDE CONSTANT TERM TO OMEGA (ETA) (OLNTWOPI):NO
 ADDITIONAL CONVERGENCE TEST (CTYPE=4)?:    NO
 EM OR BAYESIAN METHOD USED:                 NONE

 TOLERANCES FOR ESTIMATION/EVALUATION STEP:
 NRD (RELATIVE) VALUE(S) OF TOLERANCE:   6
 ANRD (ABSOLUTE) VALUE(S) OF TOLERANCE:  12
 TOLERANCES FOR COVARIANCE STEP:
 NRD (RELATIVE) VALUE(S) OF TOLERANCE:   6
 ANRD (ABSOLUTE) VALUE(S) OF TOLERANCE:  12
 TOLERANCES FOR TABLE/SCATTER STEP:
 NRD (RELATIVE) VALUE(S) OF TOLERANCE:   6
 ANRD (ABSOLUTE) VALUE(S) OF TOLERANCE:  12

 THE FOLLOWING LABELS ARE EQUIVALENT
 PRED=PREDI
 RES=RESI
 WRES=WRESI
 IWRS=IWRESI
 IPRD=IPREDI
 IRS=IRESI

 MONITORING OF SEARCH:


0ITERATION NO.:    0    OBJECTIVE VALUE:   302957.897864982        NO. OF FUNC. EVALS.:  19
 CUMULATIVE NO. OF FUNC. EVALS.:       19
 NPARAMETR:  8.3200E-02  7.2900E-01  5.9500E-02  2.2700E+01  2.0200E-01  3.4100E-01  1.4600E-02  3.0000E-05  2.6000E+03  4.3300E-02
             1.6400E+00  2.6300E-04  2.1700E+01  1.1400E-02  6.4800E+01  1.0000E-01  1.0000E+00
 PARAMETER:  1.0000E-01  1.0000E-01  1.0000E-01  1.0000E-01  1.0000E-01  1.0000E-01  1.0000E-01  1.0000E-01  1.0000E-01  1.0000E-01
             1.0000E-01  1.0000E-01  1.0000E-01  1.0000E-01  1.0000E-01  1.0000E-01  1.0000E-01
 GRADIENT:   6.6133E+01  2.9592E+02  1.0108E+02  6.6285E+01  6.3764E+01 -4.9894E+01  5.3583E+01  4.8218E+02  2.0839E+03  1.2454E+03
            -9.7688E+01 -2.4781E+03 -1.7433E+03 -4.3050E+02  2.0732E+02  6.9449E+03 -2.4882E+03

0ITERATION NO.:    1    OBJECTIVE VALUE:   300123.427996176        NO. OF FUNC. EVALS.:  20
 CUMULATIVE NO. OF FUNC. EVALS.:       39
 NPARAMETR:  8.2861E-02  7.1829E-01  5.9124E-02  2.2599E+01  2.0148E-01  3.4187E-01  1.4579E-02  2.7602E-05  1.8138E+03  3.4917E-02
             1.6679E+00  4.0357E-04  2.9328E+01  1.2280E-02  6.2520E+01  3.0119E-02  1.5371E+00
 PARAMETER:  9.4287E-02  7.4434E-02  9.1267E-02  9.4273E-02  9.4491E-02  1.0431E-01  9.5371E-02  5.8343E-02 -8.0037E-02 -7.5928E-03
             1.0844E-01  3.1409E-01  2.5061E-01  1.3719E-01  8.2088E-02 -5.0000E-01  3.1496E-01
 GRADIENT:  -2.9170E+03 -8.9742E+03 -3.4500E+03 -5.2710E+02 -1.2893E+03  5.6704E+02 -5.6495E+02 -4.8326E+02  1.0844E+03 -1.9062E+03
            -6.1955E+02  1.8523E+02  2.1781E+02  7.6413E+01  2.4631E+02 -2.4560E+03 -2.2988E+03

0ITERATION NO.:    2    OBJECTIVE VALUE:   300084.452541909        NO. OF FUNC. EVALS.:  20
 CUMULATIVE NO. OF FUNC. EVALS.:       59
 NPARAMETR:  8.3899E-02  7.4086E-01  6.0016E-02  2.2654E+01  2.0221E-01  3.4119E-01  1.4594E-02  2.7762E-05  1.7905E+03  3.5721E-02
             1.6803E+00  4.0267E-04  2.9251E+01  1.2269E-02  6.2336E+01  3.1016E-02  1.5800E+00
 PARAMETER:  1.1171E-01  1.2805E-01  1.1188E-01  9.7423E-02  1.0219E-01  1.0092E-01  9.8746E-02  6.1230E-02 -8.6516E-02  3.7964E-03
             1.1214E-01  3.1299E-01  2.4931E-01  1.3674E-01  8.0617E-02 -4.8533E-01  3.2870E-01
 GRADIENT:   3.1197E+03  1.0619E+04  4.2342E+03  7.4573E+02  1.4037E+03 -1.6448E+02  3.7080E+02 -4.7269E+02  1.0614E+03 -1.4450E+03
            -5.3913E+02  1.2814E+02  1.9454E+02  8.1557E+01  2.4309E+02 -2.0490E+03 -2.2336E+03

0ITERATION NO.:    3    OBJECTIVE VALUE:   299646.488828347        NO. OF FUNC. EVALS.:  22
 CUMULATIVE NO. OF FUNC. EVALS.:       81
 NPARAMETR:  8.4283E-02  7.3839E-01  5.9753E-02  2.2595E+01  2.0242E-01  3.3871E-01  1.4626E-02  2.9229E-05  1.5950E+03  4.2861E-02
             1.7890E+00  3.9585E-04  2.8607E+01  1.2165E-02  6.0714E+01  3.9593E-02  2.0171E+00
 PARAMETER:  1.1810E-01  1.2223E-01  1.0585E-01  9.4035E-02  1.0440E-01  8.8651E-02  1.0581E-01  8.6983E-02 -1.4433E-01  9.4910E-02
             1.4349E-01  3.0444E-01  2.3816E-01  1.3249E-01  6.7437E-02 -3.6326E-01  4.5083E-01
 GRADIENT:   2.8754E+03  9.2154E+03  3.7878E+03  5.4312E+02  1.2498E+03 -4.7696E+02  5.2434E+02 -3.7928E+02  8.5849E+02  1.3661E+03
             3.0968E+01  1.0294E+02  9.8552E+01 -9.1652E+00  2.0733E+02  9.2717E+02 -1.7355E+03

0ITERATION NO.:    4    OBJECTIVE VALUE:   299077.627344424        NO. OF FUNC. EVALS.:  20
 CUMULATIVE NO. OF FUNC. EVALS.:      101
 NPARAMETR:  8.4944E-02  7.4687E-01  5.7131E-02  2.2852E+01  2.0387E-01  3.4265E-01  1.4567E-02  4.2897E-05  6.7093E+02  2.8127E-02
             2.0583E+00  3.4791E-04  2.5225E+01  1.2044E-02  4.9462E+01  3.9802E-02  1.1956E+01
 PARAMETER:  1.2906E-01  1.4218E-01  4.4014E-02  1.0855E-01  1.1960E-01  1.0815E-01  9.2700E-02  2.7880E-01 -5.7730E-01 -1.1571E-01
             2.1359E-01  2.3989E-01  1.7527E-01  1.2747E-01 -3.5053E-02 -3.6062E-01  1.3406E+00
 GRADIENT:   2.9286E+03  1.1581E+04  2.1208E+03  1.0641E+03  1.3989E+03  8.1264E+02 -2.6478E+02  3.2313E+02 -5.4189E+02 -4.8237E+03
            -9.3592E+02 -9.0464E+02 -5.7253E+02 -3.9596E+02 -1.4231E+01  1.9180E+03 -6.7756E+02

 #TERM:
0MINIMIZATION TERMINATED
 DUE TO MAX. NO. OF FUNCTION EVALUATIONS EXCEEDED
 NO. OF FUNCTION EVALUATIONS USED:      101
 NO. OF SIG. DIGITS UNREPORTABLE

 ETABAR IS THE ARITHMETIC MEAN OF THE ETA-ESTIMATES,
 AND THE P-VALUE IS GIVEN FOR THE NULL HYPOTHESIS THAT THE TRUE MEAN IS 0.

 ETABAR:         0.0000E+00
 SE:             0.0000E+00
 N:                      16

 P VAL.:         1.0000E+00

 ETASHRINKSD(%)  1.0000E+02
 ETASHRINKVR(%)  1.0000E+02
 EBVSHRINKSD(%)  0.0000E+00
 EBVSHRINKVR(%)  0.0000E+00
 EPSSHRINKSD(%)  2.8225E+00  2.8225E+00  1.0000E-10  1.0000E-10  1.0000E-10  1.0000E-10  2.7453E+00  2.7770E+00  1.0000E-10  1.0000E-10
 EPSSHRINKVR(%)  5.5654E+00  5.5654E+00  1.0000E-10  1.0000E-10  1.0000E-10  1.0000E-10  5.4153E+00  5.4769E+00  1.0000E-10  1.0000E-10

  
 TOTAL DATA POINTS NORMALLY DISTRIBUTED (N):        34267
 N*LOG(2PI) CONSTANT TO OBJECTIVE FUNCTION:    62978.533434649034     
 OBJECTIVE FUNCTION VALUE WITHOUT CONSTANT:    299077.62734442367     
 OBJECTIVE FUNCTION VALUE WITH CONSTANT:       362056.16077907273     
 REPORTED OBJECTIVE FUNCTION DOES NOT CONTAIN CONSTANT
  
 TOTAL EFFECTIVE ETAS (NIND*NETA):                             0
  
 #TERE:
 Elapsed estimation  time in seconds:    25.38
 Elapsed postprocess time in seconds:    17.14
1
 
 
 
 
 
 
 
 
 
 
 
 
 
 
 
 
 
 
 
 
 ************************************************************************************************************************
 ********************                                                                                ********************
 ********************               FIRST ORDER CONDITIONAL ESTIMATION WITH INTERACTION              ********************
 #OBJT:**************                       MINIMUM VALUE OF OBJECTIVE FUNCTION                      ********************
 ********************                                                                                ********************
 ************************************************************************************************************************
 





 #OBJV:********************************************   299077.627       **************************************************
1
 ************************************************************************************************************************
 ********************                                                                                ********************
 ********************               FIRST ORDER CONDITIONAL ESTIMATION WITH INTERACTION              ********************
 ********************                             FINAL PARAMETER ESTIMATE                           ********************
 ********************                                                                                ********************
 ************************************************************************************************************************
 


 THETA - VECTOR OF FIXED EFFECTS PARAMETERS   *********


         TH 1      TH 2      TH 3      TH 4      TH 5      TH 6      TH 7      TH 8      TH 9      TH10      TH11      TH12     
          TH13      TH14      TH15      TH16      TH17      TH18      TH19      TH20      TH21      TH22      TH23      TH24     
         TH25      TH26      TH27      TH28      TH29      TH30      TH31      TH32      TH33     
 
         4.51E-01  1.97E-01  7.00E+01  1.40E+01  1.40E+01  8.00E-01  1.20E+02  7.28E-02  1.03E+02  2.75E-02  4.18E+01  1.00E-02
          8.99E-01  1.01E-01  5.08E-01  5.70E-01  4.33E+01  6.70E-03  1.01E-01  6.58E-01  2.81E+01  7.01E-02  6.43E-01  4.51E-01
         3.67E+02  8.49E-02  7.47E-01  1.30E+01  5.71E-02  2.29E+01  2.04E-01  3.43E-01  1.46E-02
 


 OMEGA - COV MATRIX FOR RANDOM EFFECTS - ETAS  ********


         ETA1     
 
 ETA1
+        0.00E+00
 


 SIGMA - COV MATRIX FOR RANDOM EFFECTS - EPSILONS  ****


         EPS1      EPS2      EPS3      EPS4      EPS5      EPS6      EPS7      EPS8      EPS9      EP10     
 
 EPS1
+        4.29E-05
 
 EPS2
+        0.00E+00  6.71E+02
 
 EPS3
+        0.00E+00  0.00E+00  2.81E-02
 
 EPS4
+        0.00E+00  0.00E+00  0.00E+00  2.06E+00
 
 EPS5
+        0.00E+00  0.00E+00  0.00E+00  0.00E+00  3.48E-04
 
 EPS6
+        0.00E+00  0.00E+00  0.00E+00  0.00E+00  0.00E+00  2.52E+01
 
 EPS7
+        0.00E+00  0.00E+00  0.00E+00  0.00E+00  0.00E+00  0.00E+00  1.20E-02
 
 EPS8
+        0.00E+00  0.00E+00  0.00E+00  0.00E+00  0.00E+00  0.00E+00  0.00E+00  4.95E+01
 
 EPS9
+        0.00E+00  0.00E+00  0.00E+00  0.00E+00  0.00E+00  0.00E+00  0.00E+00  0.00E+00  3.98E-02
 
 EP10
+        0.00E+00  0.00E+00  0.00E+00  0.00E+00  0.00E+00  0.00E+00  0.00E+00  0.00E+00  0.00E+00  1.20E+01
 
1


 OMEGA - CORR MATRIX FOR RANDOM EFFECTS - ETAS  *******


         ETA1     
 
 ETA1
+        0.00E+00
 


 SIGMA - CORR MATRIX FOR RANDOM EFFECTS - EPSILONS  ***


         EPS1      EPS2      EPS3      EPS4      EPS5      EPS6      EPS7      EPS8      EPS9      EP10     
 
 EPS1
+        6.55E-03
 
 EPS2
+        0.00E+00  2.59E+01
 
 EPS3
+        0.00E+00  0.00E+00  1.68E-01
 
 EPS4
+        0.00E+00  0.00E+00  0.00E+00  1.43E+00
 
 EPS5
+        0.00E+00  0.00E+00  0.00E+00  0.00E+00  1.87E-02
 
 EPS6
+        0.00E+00  0.00E+00  0.00E+00  0.00E+00  0.00E+00  5.02E+00
 
 EPS7
+        0.00E+00  0.00E+00  0.00E+00  0.00E+00  0.00E+00  0.00E+00  1.10E-01
 
 EPS8
+        0.00E+00  0.00E+00  0.00E+00  0.00E+00  0.00E+00  0.00E+00  0.00E+00  7.03E+00
 
 EPS9
+        0.00E+00  0.00E+00  0.00E+00  0.00E+00  0.00E+00  0.00E+00  0.00E+00  0.00E+00  2.00E-01
 
 EP10
+        0.00E+00  0.00E+00  0.00E+00  0.00E+00  0.00E+00  0.00E+00  0.00E+00  0.00E+00  0.00E+00  3.46E+00
 
 Elapsed finaloutput time in seconds:     5.18
 #CPUT: Total CPU Time in Seconds,      122.674
Stop Time:
Wed 17 Mar 2021 08:06:59 PM CET
